빌드 시작: 2020-11-28 오후 5:18:53
로깅의 세부 정보 표시가 Normal(으)로 설정되었습니다.     1>2 노드의 "D:\opencv\Ball\Ball\Ball.vcxproj" 프로젝트(Build 대상)입니다.
     1>InitializeBuildStatus:
         "x64\Debug\Ball.tlog\unsuccessfulbuild"에 연결(touching)하고 있습니다.
       ClCompile:
         C:\Program Files (x86)\Microsoft Visual Studio\2019\Community\VC\Tools\MSVC\14.27.29110\bin\HostX86\x64\CL.exe /c /I"C:\pthread\Pre-built.2\include" /I"C:\opencv-sources\opencv-4.1.0\build\include" /ZI /JMC /nologo /W3 /WX- /diagnostics:column /sdl /Od /D _DEBUG /D _CONSOLE /D _UNICODE /D UNICODE /Gm- /EHsc /RTC1 /MDd /GS /fp:precise /permissive- /Zc:wchar_t /Zc:forScope /Zc:inline /Fo"x64\Debug\\" /Fd"x64\Debug\vc142.pdb" /Gd /TP /FC /errorReport:prompt Ball.cpp Comm.cpp
         Ball.cpp
     1>D:\opencv\Ball\Ball\Ball.cpp(146,33): warning C4244: '=': 'double'에서 'int'(으)로 변환하면서 데이터가 손실될 수 있습니다.
     1>D:\opencv\Ball\Ball\Ball.cpp(147,33): warning C4244: '=': 'double'에서 'int'(으)로 변환하면서 데이터가 손실될 수 있습니다.
         Comm.cpp
         코드를 생성하고 있습니다...
       Link:
         C:\Program Files (x86)\Microsoft Visual Studio\2019\Community\VC\Tools\MSVC\14.27.29110\bin\HostX86\x64\link.exe /ERRORREPORT:PROMPT /OUT:"D:\opencv\Ball\x64\Debug\Ball.exe" /INCREMENTAL /NOLOGO /LIBPATH:"C:\pthread\Pre-built.2\lib\x64" /LIBPATH:"C:\opencv-sources\opencv-4.1.0\build\x64\vc16\lib" pthreadVC2.lib opencv_world410d.lib kernel32.lib user32.lib gdi32.lib winspool.lib comdlg32.lib advapi32.lib shell32.lib ole32.lib oleaut32.lib uuid.lib odbc32.lib odbccp32.lib kernel32.lib user32.lib gdi32.lib winspool.lib comdlg32.lib advapi32.lib shell32.lib ole32.lib oleaut32.lib uuid.lib odbc32.lib odbccp32.lib /MANIFEST /MANIFESTUAC:"level='asInvoker' uiAccess='false'" /manifest:embed /DEBUG:FASTLINK /PDB:"D:\opencv\Ball\x64\Debug\Ball.pdb" /SUBSYSTEM:CONSOLE /TLBID:1 /DYNAMICBASE /NXCOMPAT /IMPLIB:"D:\opencv\Ball\x64\Debug\Ball.lib" /MACHINE:X64 x64\Debug\Ball.obj
         x64\Debug\Comm.obj
     1>LINK : fatal error LNK1104: 'pthreadVC2.lib' 파일을 열 수 없습니다.
     1>"D:\opencv\Ball\Ball\Ball.vcxproj" 프로젝트를 빌드했습니다(Build 대상). - 실패

빌드하지 못했습니다.

       "D:\opencv\Ball\Ball\Ball.vcxproj"(Build 대상)(1) ->
       (ClCompile 대상) -> 
         D:\opencv\Ball\Ball\Ball.cpp(146,33): warning C4244: '=': 'double'에서 'int'(으)로 변환하면서 데이터가 손실될 수 있습니다.
         D:\opencv\Ball\Ball\Ball.cpp(147,33): warning C4244: '=': 'double'에서 'int'(으)로 변환하면서 데이터가 손실될 수 있습니다.


       "D:\opencv\Ball\Ball\Ball.vcxproj"(Build 대상)(1) ->
       (Link 대상) -> 
         LINK : fatal error LNK1104: 'pthreadVC2.lib' 파일을 열 수 없습니다.

    경고 2개
    오류 1개

경과 시간: 00:00:03.20
